     *** ECHO OF THE INPUT DATA STARTS ***

 Hw-6-1:			                                                                      
  3  0  0                               MODEL, NTYPE, ITEM                       
  0  4                                  IELEM, NEM                               
  0  0                                  ICONT, NPRNT                             
 	5									NNM                                                                  
 	1	2	4.0							NOD(1,J),GLX(1)                                                  
 	0.0   0.0                           AX0,  AX1                                  
 	1.0   0.0                           BX0,  BX1                                  
 	0.0   0.0                           CX0, CX1                                   
 	0.0   0.0  0.0                      FX0, FX1, FX2                              
 	2	3	4.0							  NOD(2,J),GLX(2)                                                
 	0.0   0.0                             AX0,  AX1                                
 	1.0   0.0                             BX0,  BX1                                
 	0.0   0.0                             CX0, CX1                                 
 	0.0   0.0  0.0                      FX0, FX1, FX2                              
 	3	4	4.0							NOD(3,J),GLX(3)                                                  
 	0.0   0.0                           AX0,  AX1                                  
 	1.0   0.0                           BX0,  BX1                                  
 	0.0   0.0                           CX0, CX1                                   
 	1000.0   0.0  0.0                   FX0, FX1, FX2                              
 	4	5	4.0						   	  NOD(4,J),GLX(4)                                             
 	0.0   0.0                             AX0,  AX1                                
 	1.0   0.0                             BX0,  BX1                                
 	0.0   0.0                             CX0, CX1                                 
 	1000.0   0.0  0.0                     FX0, FX1, FX2                            
  2                                     NSPV                                     
  1  1  0.0                             ISPV(1,1), ISPV(1,2), VSPV(1)            
  4  1  0.0                             ISPV(2,1), ISPV(2,2), VSPV(2)            
  2                                     NSSV                                     
  2  1  2500                            ISSV(1,1), ISSV(1,2), VSSV(1)            
  2  2  2500                            ISSV(2,1), ISSV(2,2), VSSV(2)            
  0                                     NNBC                                     
  0                                     NMPC                                     
                                                                                 
                                                                                 
                                                                                 
     **** ECHO OF THE INPUT DATA ENDS ****

  _______________________________________________________

        OUTPUT from program   FEM1D   by J N REDDY
  _______________________________________________________

Hw-6-1:			                                                                      

    *** ANALYSIS OF MODEL 3, AND TYPE 0 PROBLEM ***
               (see the code below)

    MODEL=1,NTYPE=0: A problem described by MODEL EQ. 1
    MODEL=1,NTYPE=1: A circular DISK (PLANE STRESS) 
    MODEL=1,NTYPE>1: A circular DISK (PLANE STRAIN) 
    MODEL=2,NTYPE=0: A Timoshenko BEAM (RIE) problem
    MODEL=2,NTYPE=1: A Timoshenko PLATE (RIE) problem
    MODEL=2,NTYPE=2: A Timoshenko BEAM (CIE) problem
    MODEL=2,NTYPE>2: A Timoshenko PLATE (CIE) problem
    MODEL=3,NTYPE=0: A Euler-Bernoulli BEAM problem
    MODEL=3,NTYPE>0: A Euler-Bernoulli Circular plate
    MODEL=4,NTYPE=0: A plane TRUSS problem
    MODEL=4,NTYPE=1: A Euler-Bernoulli FRAME problem
    MODEL=4,NTYPE=2: A Timoshenko (CIE) FRAME problem


        Element type (0, Hermite,>0, Lagrange)..=   0
        No. of deg. of freedom per node, NDF....=   2
        No. of elements in the mesh, NEM........=   4
        No. of total DOF in the model, NEQ......=  10
        Half bandwidth of matrix [GLK], NHBW ...=   4
        No. of specified primary DOF, NSPV......=   2
        No. of specified secondary DOF, NSSV....=   2
        No. of specified Newton B. C.: NNBC.....=   0
        No. of speci. multi-pt. cond.: NMPC.....=   0

   Boundary information on primary variables:

         1    1    0.00000E+00
         4    1    0.00000E+00

   Boundary information on secondary variables:

         2    1    0.25000E+04
         2    2    0.25000E+04

     Properties of Element =  1

        Element length, H ....... =  0.4000E+01
        AX0 =  0.0000E+00     AX1 =  0.0000E+00
        BX0 =  0.1000E+01     BX1 =  0.0000E+00
        CX0 =  0.0000E+00     CX1 =  0.0000E+00
        FX0 =  0.0000E+00     FX1 =  0.0000E+00     FX2 =  0.0000E+00


     Properties of Element =  2

        Element length, H ....... =  0.4000E+01
        AX0 =  0.0000E+00     AX1 =  0.0000E+00
        BX0 =  0.1000E+01     BX1 =  0.0000E+00
        CX0 =  0.0000E+00     CX1 =  0.0000E+00
        FX0 =  0.0000E+00     FX1 =  0.0000E+00     FX2 =  0.0000E+00


     Properties of Element =  3

        Element length, H ....... =  0.4000E+01
        AX0 =  0.0000E+00     AX1 =  0.0000E+00
        BX0 =  0.1000E+01     BX1 =  0.0000E+00
        CX0 =  0.0000E+00     CX1 =  0.0000E+00
        FX0 =  0.1000E+04     FX1 =  0.0000E+00     FX2 =  0.0000E+00


     Properties of Element =  4

        Element length, H ....... =  0.4000E+01
        AX0 =  0.0000E+00     AX1 =  0.0000E+00
        BX0 =  0.1000E+01     BX1 =  0.0000E+00
        CX0 =  0.0000E+00     CX1 =  0.0000E+00
        FX0 =  0.1000E+04     FX1 =  0.0000E+00     FX2 =  0.0000E+00


 SOLUTION (values of PVs) at the NODES: 

    0.00000E+00 -0.19667E+05  0.58667E+05 -0.46667E+04  0.44000E+05
    0.10333E+05  0.00000E+00  0.46667E+04  0.13333E+05 -0.60000E+04
  ______________________________________________________________________________

   x is the global coord. if ICONT=1 and it is the local coord. if ICONT=0
         x        Deflect.     Rotation     B. Moment   Shear Force
  ______________________________________________________________________________

    0.00000E+00  0.00000E+00 -0.19667E+05  0.56155E-05  0.18750E+04
    0.50000E+00  0.97943E+04 -0.19432E+05  0.93750E+03  0.18750E+04
    0.10000E+01  0.19354E+05 -0.18729E+05  0.18750E+04  0.18750E+04
    0.15000E+01  0.28445E+05 -0.17557E+05  0.28125E+04  0.18750E+04
    0.20000E+01  0.36833E+05 -0.15917E+05  0.37500E+04  0.18750E+04
    0.25000E+01  0.44284E+05 -0.13807E+05  0.46875E+04  0.18750E+04
    0.30000E+01  0.50562E+05 -0.11229E+05  0.56250E+04  0.18750E+04
    0.35000E+01  0.55435E+05 -0.81823E+04  0.65625E+04  0.18750E+04
    0.40000E+01  0.58667E+05 -0.46667E+04  0.75000E+04  0.18750E+04
    0.00000E+00  0.58667E+05 -0.46667E+04  0.50000E+04 -0.62500E+03
    0.50000E+00  0.60388E+05 -0.22448E+04  0.46875E+04 -0.62500E+03
    0.10000E+01  0.60937E+05  0.20833E+02  0.43750E+04 -0.62500E+03
    0.15000E+01  0.60393E+05  0.21302E+04  0.40625E+04 -0.62500E+03
    0.20000E+01  0.58833E+05  0.40833E+04  0.37500E+04 -0.62500E+03
    0.25000E+01  0.56336E+05  0.58802E+04  0.34375E+04 -0.62500E+03
    0.30000E+01  0.52979E+05  0.75208E+04  0.31250E+04 -0.62500E+03
    0.35000E+01  0.48841E+05  0.90052E+04  0.28125E+04 -0.62500E+03
    0.40000E+01  0.44000E+05  0.10333E+05  0.25000E+04 -0.62500E+03
    0.00000E+00  0.44000E+05  0.10333E+05  0.38333E+04 -0.26250E+04
    0.50000E+00  0.38409E+05  0.11922E+05  0.25208E+04 -0.26250E+04
    0.10000E+01  0.32187E+05  0.12854E+05  0.12083E+04 -0.26250E+04
    0.15000E+01  0.25664E+05  0.13130E+05 -0.10417E+03 -0.26250E+04
    0.20000E+01  0.19167E+05  0.12750E+05 -0.14167E+04 -0.26250E+04
    0.25000E+01  0.13023E+05  0.11714E+05 -0.27292E+04 -0.26250E+04
    0.30000E+01  0.75625E+04  0.10021E+05 -0.40417E+04 -0.26250E+04
    0.35000E+01  0.31120E+04  0.76719E+04 -0.53542E+04 -0.26250E+04
    0.40000E+01  0.00000E+00  0.46667E+04 -0.66667E+04 -0.26250E+04
    0.00000E+00  0.00000E+00  0.46667E+04 -0.66667E+04  0.20000E+04
    0.50000E+00 -0.15417E+04  0.15833E+04 -0.56667E+04  0.20000E+04
    0.10000E+01 -0.16667E+04 -0.10000E+04 -0.46667E+04  0.20000E+04
    0.15000E+01 -0.62500E+03 -0.30833E+04 -0.36667E+04  0.20000E+04
    0.20000E+01  0.13333E+04 -0.46667E+04 -0.26667E+04  0.20000E+04
    0.25000E+01  0.39583E+04 -0.57500E+04 -0.16667E+04  0.20000E+04
    0.30000E+01  0.70000E+04 -0.63333E+04 -0.66667E+03  0.20000E+04
    0.35000E+01  0.10208E+05 -0.64167E+04  0.33333E+03  0.20000E+04
    0.40000E+01  0.13333E+05 -0.60000E+04  0.13333E+04  0.20000E+04
  ______________________________________________________________________________

Stop - Program terminated.
