     *** ECHO OF THE INPUT DATA STARTS ***

 Hw-6-1:			                                                                      
  3  0  0                               MODEL, NTYPE, ITEM                       
  0  2                                  IELEM, NEM                               
  1  0                                  ICONT, NPRNT                             
  0.0   10  10                          DX(I)                                    
  0.0   0.0                             AX0,  AX1                                
  4.0E6   0.0                             BX0,  BX1                              
  0.0   0.0                             CX0, CX1                                 
  500.0   0.0  0.0                       FX0, FX1, FX2                           
  3                                     NSPV                                     
  1  1  0.0                             ISPV(1,1), ISPV(1,2), VSPV(1)            
  1  2  0.0                             ISPV(2,1), ISPV(2,2), VSPV(2)            
  2  1  0.0                             ISPV(3,1), ISPV(3,2), VSPV(3)            
  0                                     NSSV                                     
  0                                     NNBC                                     
  0                                     NMPC                                     
                                                                                 
                                                                                 
                                                                                 
     **** ECHO OF THE INPUT DATA ENDS ****

  _______________________________________________________

        OUTPUT from program   FEM1D   by J N REDDY
  _______________________________________________________

Hw-6-1:			                                                                      

    *** ANALYSIS OF MODEL 3, AND TYPE 0 PROBLEM ***
               (see the code below)

    MODEL=1,NTYPE=0: A problem described by MODEL EQ. 1
    MODEL=1,NTYPE=1: A circular DISK (PLANE STRESS) 
    MODEL=1,NTYPE>1: A circular DISK (PLANE STRAIN) 
    MODEL=2,NTYPE=0: A Timoshenko BEAM (RIE) problem
    MODEL=2,NTYPE=1: A Timoshenko PLATE (RIE) problem
    MODEL=2,NTYPE=2: A Timoshenko BEAM (CIE) problem
    MODEL=2,NTYPE>2: A Timoshenko PLATE (CIE) problem
    MODEL=3,NTYPE=0: A Euler-Bernoulli BEAM problem
    MODEL=3,NTYPE>0: A Euler-Bernoulli Circular plate
    MODEL=4,NTYPE=0: A plane TRUSS problem
    MODEL=4,NTYPE=1: A Euler-Bernoulli FRAME problem
    MODEL=4,NTYPE=2: A Timoshenko (CIE) FRAME problem


        Element type (0, Hermite,>0, Lagrange)..=   0
        No. of deg. of freedom per node, NDF....=   2
        No. of elements in the mesh, NEM........=   2
        No. of total DOF in the model, NEQ......=   6
        Half bandwidth of matrix [GLK], NHBW ...=   4
        No. of specified primary DOF, NSPV......=   3
        No. of specified secondary DOF, NSSV....=   0
        No. of specified Newton B. C.: NNBC.....=   0
        No. of speci. multi-pt. cond.: NMPC.....=   0

   Boundary information on primary variables:

         1    1    0.00000E+00
         1    2    0.00000E+00
         2    1    0.00000E+00

   Global coordinates of the nodes, {GLX}:

    0.00000E+00  0.10000E+02  0.20000E+02

   Coefficients of the differential equation:

        AX0 =  0.0000E+00     AX1 =  0.0000E+00
        BX0 =  0.4000E+07     BX1 =  0.0000E+00
        CX0 =  0.0000E+00     CX1 =  0.0000E+00


 SOLUTION (values of PVs) at the NODES: 

    0.00000E+00  0.00000E+00  0.00000E+00 -0.13021E-01  0.28646E+00
   -0.33854E-01
  ______________________________________________________________________________

   x is the global coord. if ICONT=1 and it is the local coord. if ICONT=0
         x        Deflect.     Rotation     B. Moment   Shear Force
  ______________________________________________________________________________

    0.00000E+00  0.00000E+00  0.00000E+00  0.10417E+05 -0.31250E+04
    0.12500E+01 -0.17802E-02  0.26449E-02  0.65104E+04 -0.31250E+04
    0.25000E+01 -0.61035E-02  0.40690E-02  0.26042E+04 -0.31250E+04
    0.37500E+01 -0.11444E-01  0.42725E-02 -0.13021E+04 -0.31250E+04
    0.50000E+01 -0.16276E-01  0.32552E-02 -0.52083E+04 -0.31250E+04
    0.62500E+01 -0.19073E-01  0.10173E-02 -0.91146E+04 -0.31250E+04
    0.75000E+01 -0.18311E-01 -0.24414E-02 -0.13021E+05 -0.31250E+04
    0.87500E+01 -0.12461E-01 -0.71208E-02 -0.16927E+05 -0.31250E+04
    0.10000E+02  0.00000E+00 -0.13021E-01 -0.20833E+05 -0.31250E+04
    0.10000E+02  0.00000E+00 -0.13021E-01 -0.20833E+05  0.25000E+04
    0.11250E+02  0.20142E-01 -0.19043E-01 -0.17708E+05  0.25000E+04
    0.12500E+02  0.47201E-01 -0.24089E-01 -0.14583E+05  0.25000E+04
    0.13750E+02  0.79956E-01 -0.28158E-01 -0.11458E+05  0.25000E+04
    0.15000E+02  0.11719E+00 -0.31250E-01 -0.83333E+04  0.25000E+04
    0.16250E+02  0.15767E+00 -0.33366E-01 -0.52083E+04  0.25000E+04
    0.17500E+02  0.20020E+00 -0.34505E-01 -0.20833E+04  0.25000E+04
    0.18750E+02  0.24353E+00 -0.34668E-01  0.10417E+04  0.25000E+04
    0.20000E+02  0.28646E+00 -0.33854E-01  0.41667E+04  0.25000E+04
  ______________________________________________________________________________

Stop - Program terminated.
