     *** ECHO OF THE INPUT DATA STARTS ***

 Example 3.2.1: Solution of a differential equation (4Q)			                      
  1  0  0                               MODEL, NTYPE, ITEM                       
  2  4                                  IELEM, NEM                               
  1  0                                  ICONT, NPRNT                             
  0.0   0.25  0.25  0.25  0.25          DX(I)                                    
  1.0   0.0                             AX0,  AX1                                
  0.0   0.0                             BX0,  BX1                                
 -1.0   0.0                             CX0, CX1                                 
  0.0   0.0  -1.0                       FX0, FX1, FX2                            
  2                                     NSPV                                     
  1  1  0.0                             ISPV(1,1), ISPV(1,2), VSPV(1)            
  9  1  0.0                             ISPV(1,1), ISPV(1,2), VSPV(1)            
  0                                     NSSV                                     
  0                                     NNBC                                     
  0                                     NMPC                                     
     **** ECHO OF THE INPUT DATA ENDS ****

  _______________________________________________________

        OUTPUT from program   FEM1D   by J N REDDY
  _______________________________________________________

Example 3.2.1: Solution of a differential equation (4Q)			                      

    *** ANALYSIS OF MODEL 1, AND TYPE 0 PROBLEM ***
               (see the code below)

    MODEL=1,NTYPE=0: A problem described by MODEL EQ. 1
    MODEL=1,NTYPE=1: A circular DISK (PLANE STRESS) 
    MODEL=1,NTYPE>1: A circular DISK (PLANE STRAIN) 
    MODEL=2,NTYPE=0: A Timoshenko BEAM (RIE) problem
    MODEL=2,NTYPE=1: A Timoshenko PLATE (RIE) problem
    MODEL=2,NTYPE=2: A Timoshenko BEAM (CIE) problem
    MODEL=2,NTYPE>2: A Timoshenko PLATE (CIE) problem
    MODEL=3,NTYPE=0: A Euler-Bernoulli BEAM problem
    MODEL=3,NTYPE>0: A Euler-Bernoulli Circular plate
    MODEL=4,NTYPE=0: A plane TRUSS problem
    MODEL=4,NTYPE=1: A Euler-Bernoulli FRAME problem
    MODEL=4,NTYPE=2: A Timoshenko (CIE) FRAME problem


        Element type (0, Hermite,>0, Lagrange)..=   2
        No. of deg. of freedom per node, NDF....=   1
        No. of elements in the mesh, NEM........=   4
        No. of total DOF in the model, NEQ......=   9
        Half bandwidth of matrix [GLK], NHBW ...=   3
        No. of specified primary DOF, NSPV......=   2
        No. of specified secondary DOF, NSSV....=   0
        No. of specified Newton B. C.: NNBC.....=   0
        No. of speci. multi-pt. cond.: NMPC.....=   0

   Boundary information on primary variables:

         1    1    0.00000E+00
         9    1    0.00000E+00

   Global coordinates of the nodes, {GLX}:

    0.00000E+00  0.12500E+00  0.25000E+00  0.37500E+00  0.50000E+00
    0.62500E+00  0.75000E+00  0.87500E+00  0.10000E+01

   Coefficients of the differential equation:

        AX0 =  0.1000E+01     AX1 =  0.0000E+00
        BX0 =  0.0000E+00     BX1 =  0.0000E+00
        CX0 = -0.1000E+01     CX1 =  0.0000E+00
        FX0 =  0.0000E+00     FX1 =  0.0000E+00     FX2 = -0.1000E+01


 SOLUTION (values of PVs) at the NODES: 

    0.00000E+00 -0.11927E-01 -0.23375E-01 -0.33450E-01 -0.40760E-01
   -0.43500E-01 -0.39417E-01 -0.25907E-01  0.00000E+00
  _______________________________________________________

   x is the global coord. if ICONT=1 and it is the local coord. if ICONT=0
         x       P. Variable  S. Variable
  _______________________________________________________

    0.00000E+00  0.00000E+00 -0.97329E-01
    0.31250E-01 -0.30266E-02 -0.96371E-01
    0.62500E-01 -0.60232E-02 -0.95414E-01
    0.93750E-01 -0.89900E-02 -0.94457E-01
    0.12500E+00 -0.11927E-01 -0.93500E-01
    0.15625E+00 -0.14834E-01 -0.92543E-01
    0.18750E+00 -0.17711E-01 -0.91586E-01
    0.21875E+00 -0.20558E-01 -0.90629E-01
    0.25000E+00 -0.23375E-01 -0.89671E-01
    0.25000E+00 -0.23375E-01 -0.91657E-01
    0.28125E+00 -0.26153E-01 -0.86128E-01
    0.31250E+00 -0.28758E-01 -0.80599E-01
    0.34375E+00 -0.31190E-01 -0.75070E-01
    0.37500E+00 -0.33450E-01 -0.69542E-01
    0.40625E+00 -0.35537E-01 -0.64013E-01
    0.43750E+00 -0.37451E-01 -0.58484E-01
    0.46875E+00 -0.39192E-01 -0.52955E-01
    0.50000E+00 -0.40760E-01 -0.47426E-01
    0.50000E+00 -0.40760E-01 -0.49199E-01
    0.53125E+00 -0.42085E-01 -0.35556E-01
    0.56250E+00 -0.42983E-01 -0.21914E-01
    0.59375E+00 -0.43454E-01 -0.82709E-02
    0.62500E+00 -0.43500E-01  0.53718E-02
    0.65625E+00 -0.43119E-01  0.19015E-01
    0.68750E+00 -0.42311E-01  0.32657E-01
    0.71875E+00 -0.41077E-01  0.46300E-01
    0.75000E+00 -0.39417E-01  0.59943E-01
    0.75000E+00 -0.39417E-01  0.58492E-01
    0.78125E+00 -0.37202E-01  0.83287E-01
    0.81250E+00 -0.34212E-01  0.10808E+00
    0.84375E+00 -0.30447E-01  0.13288E+00
    0.87500E+00 -0.25907E-01  0.15767E+00
    0.90625E+00 -0.20593E-01  0.18246E+00
    0.93750E+00 -0.14503E-01  0.20726E+00
    0.96875E+00 -0.76391E-02  0.23205E+00
    0.10000E+01  0.00000E+00  0.25685E+00
  _______________________________________________________

Stop - Program terminated.
