     *** ECHO OF THE INPUT DATA STARTS ***

 Example 3.2.1: Solution of a differential equation (2Q)			                      
  1  0  0                               MODEL, NTYPE, ITEM                       
  2  2                                  IELEM, NEM                               
  1  0                                  ICONT, NPRNT                             
  0.0   0.5  0.5                        DX(I)                                    
  1.0   0.0                             AX0,  AX1                                
  0.0   0.0                             BX0,  BX1                                
 -1.0   0.0                             CX0, CX1                                 
  0.0   0.0  -1.0                       FX0, FX1, FX2                            
  2                                     NSPV                                     
  1  1  0.0                             ISPV(1,1), ISPV(1,2), VSPV(1)            
  5  1  0.0                             ISPV(1,1), ISPV(1,2), VSPV(1)            
  0                                     NSSV                                     
  0                                     NNBC                                     
  0                                     NMPC                                     
     **** ECHO OF THE INPUT DATA ENDS ****

  _______________________________________________________

        OUTPUT from program   FEM1D   by J N REDDY
  _______________________________________________________

Example 3.2.1: Solution of a differential equation (2Q)			                      

    *** ANALYSIS OF MODEL 1, AND TYPE 0 PROBLEM ***
               (see the code below)

    MODEL=1,NTYPE=0: A problem described by MODEL EQ. 1
    MODEL=1,NTYPE=1: A circular DISK (PLANE STRESS) 
    MODEL=1,NTYPE>1: A circular DISK (PLANE STRAIN) 
    MODEL=2,NTYPE=0: A Timoshenko BEAM (RIE) problem
    MODEL=2,NTYPE=1: A Timoshenko PLATE (RIE) problem
    MODEL=2,NTYPE=2: A Timoshenko BEAM (CIE) problem
    MODEL=2,NTYPE>2: A Timoshenko PLATE (CIE) problem
    MODEL=3,NTYPE=0: A Euler-Bernoulli BEAM problem
    MODEL=3,NTYPE>0: A Euler-Bernoulli Circular plate
    MODEL=4,NTYPE=0: A plane TRUSS problem
    MODEL=4,NTYPE=1: A Euler-Bernoulli FRAME problem
    MODEL=4,NTYPE=2: A Timoshenko (CIE) FRAME problem


        Element type (0, Hermite,>0, Lagrange)..=   2
        No. of deg. of freedom per node, NDF....=   1
        No. of elements in the mesh, NEM........=   2
        No. of total DOF in the model, NEQ......=   5
        Half bandwidth of matrix [GLK], NHBW ...=   3
        No. of specified primary DOF, NSPV......=   2
        No. of specified secondary DOF, NSSV....=   0
        No. of specified Newton B. C.: NNBC.....=   0
        No. of speci. multi-pt. cond.: NMPC.....=   0

   Boundary information on primary variables:

         1    1    0.00000E+00
         5    1    0.00000E+00

   Global coordinates of the nodes, {GLX}:

    0.00000E+00  0.25000E+00  0.50000E+00  0.75000E+00  0.10000E+01

   Coefficients of the differential equation:

        AX0 =  0.1000E+01     AX1 =  0.0000E+00
        BX0 =  0.0000E+00     BX1 =  0.0000E+00
        CX0 = -0.1000E+01     CX1 =  0.0000E+00
        FX0 =  0.0000E+00     FX1 =  0.0000E+00     FX2 = -0.1000E+01


 SOLUTION (values of PVs) at the NODES: 

    0.00000E+00 -0.23447E-01 -0.40779E-01 -0.39473E-01  0.00000E+00
  _______________________________________________________

   x is the global coord. if ICONT=1 and it is the local coord. if ICONT=0
         x       P. Variable  S. Variable
  _______________________________________________________

    0.00000E+00  0.00000E+00 -0.10602E+00
    0.62500E-01 -0.64350E-02 -0.99902E-01
    0.12500E+00 -0.12488E-01 -0.93788E-01
    0.18750E+00 -0.18158E-01 -0.87673E-01
    0.25000E+00 -0.23447E-01 -0.81558E-01
    0.31250E+00 -0.28353E-01 -0.75443E-01
    0.37500E+00 -0.32877E-01 -0.69329E-01
    0.43750E+00 -0.37019E-01 -0.63214E-01
    0.50000E+00 -0.40779E-01 -0.57099E-01
    0.50000E+00 -0.40779E-01 -0.71106E-01
    0.56250E+00 -0.44031E-01 -0.32940E-01
    0.62500E+00 -0.44897E-01  0.52262E-02
    0.68750E+00 -0.43377E-01  0.43392E-01
    0.75000E+00 -0.39473E-01  0.81558E-01
    0.81250E+00 -0.33182E-01  0.11972E+00
    0.87500E+00 -0.24507E-01  0.15789E+00
    0.93750E+00 -0.13446E-01  0.19606E+00
    0.10000E+01  0.00000E+00  0.23422E+00
  _______________________________________________________

Stop - Program terminated.
